<?xml version="1.0" encoding="utf-8"?>
<!DOCTYPE coverage SYSTEM "http://cobertura.sourceforge.net/xml/coverage-04.dtd">
<coverage line-rate="0.533333333333333" branch-rate="0.375" lines-covered="8" lines-valid="15" branches-covered="3" branches-valid="8" complexity="0" version="0" timestamp="1454507034">
  <sources>
    <source>c:\Dev\ci_test\HelloWorld</source>
  </sources>
  <packages>
    <package name="HelloWorld" line-rate="0.533333333333333" branch-rate="0.375" complexity="0">
      <classes>
        <class name="HelloWorld.FizzBuzz" filename="FizzBuzz.cs" line-rate="0.533333333333333" branch-rate="0.375" complexity="0">
          <methods>
            <method name="GetFizzBuzz" signature="(System.Int32)" line-rate="0.533333333333333" branch-rate="0.375">
              <lines>
                <line number="12" hits="2" branch="false" />
                <line number="13" hits="2" branch="false" />
                <line number="14" hits="2" branch="true" condition-coverage="50% (1/2)" />
                <line number="15" hits="0" branch="false" />
                <line number="16" hits="2" branch="true" condition-coverage="50% (1/2)" />
                <line number="17" hits="0" branch="false" />
                <line number="18" hits="0" branch="false" />
                <line number="20" hits="2" branch="true" condition-coverage="50% (1/2)" />
                <line number="21" hits="2" branch="false" />
                <line number="22" hits="2" branch="false" />
                <line number="24" hits="0" branch="true" condition-coverage="0% (0/2)" />
                <line number="25" hits="0" branch="false" />
                <line number="26" hits="0" branch="false" />
                <line number="28" hits="0" branch="false" />
                <line number="29" hits="2" branch="false" />
              </lines>
            </method>
            <method name=".ctor" signature="()" line-rate="1" branch-rate="1">
              <lines />
            </method>
          </methods>
          <lines>
            <line number="12" hits="2" branch="false" />
            <line number="13" hits="2" branch="false" />
            <line number="14" hits="2" branch="true" condition-coverage="50% (1/2)" />
            <line number="15" hits="0" branch="false" />
            <line number="16" hits="2" branch="true" condition-coverage="50% (1/2)" />
            <line number="17" hits="0" branch="false" />
            <line number="18" hits="0" branch="false" />
            <line number="20" hits="2" branch="true" condition-coverage="50% (1/2)" />
            <line number="21" hits="2" branch="false" />
            <line number="22" hits="2" branch="false" />
            <line number="24" hits="0" branch="true" condition-coverage="0% (0/2)" />
            <line number="25" hits="0" branch="false" />
            <line number="26" hits="0" branch="false" />
            <line number="28" hits="0" branch="false" />
            <line number="29" hits="2" branch="false" />
          </lines>
        </class>
      </classes>
    </package>
  </packages>
</coverage>